2023-03-04T09:59:13.144835-00:00 0 [System] [MY-013169] [Server] /usr/sbin/mysqld (mysqld 8.0.29) initializing of server in progress as process 103
2023-03-04T09:59:13.170313-00:00 0 [Warning] [MY-010159] [Server] Setting lower_case_table_names=2 because file system for /var/lib/mysql/ is case insensitive
2023-03-04T09:59:13.240140-00:00 1 [System] [MY-013576] [InnoDB] InnoDB initialization has started.
2023-03-04T09:59:13.275072-00:00 1 [ERROR] [MY-012585] [InnoDB] Linux Native AIO interface is not supported on this platform. Please check your OS documentation and install appropriate binary of InnoDB.
2023-03-04T09:59:13.276246-00:00 1 [Warning] [MY-012654] [InnoDB] Linux Native AIO disabled.
2023-03-04T09:59:17.727722-00:00 1 [System] [MY-013577] [InnoDB] InnoDB initialization has ended.
2023-03-04T09:59:23.379909-00:00 6 [Warning] [MY-010453] [Server] root@localhost is created with an empty password ! Please consider switching off the --initialize-insecure option.
2023-03-04T09:59:44.089411-00:00 0 [System] [MY-010116] [Server] /usr/sbin/mysqld (mysqld 8.0.29) starting as process 158
2023-03-04T09:59:44.122619-00:00 0 [Warning] [MY-010159] [Server] Setting lower_case_table_names=2 because file system for /var/lib/mysql/ is case insensitive
2023-03-04T09:59:44.259552-00:00 1 [System] [MY-013576] [InnoDB] InnoDB initialization has started.
2023-03-04T09:59:44.477616-00:00 1 [ERROR] [MY-012585] [InnoDB] Linux Native AIO interface is not supported on this platform. Please check your OS documentation and install appropriate binary of InnoDB.
2023-03-04T09:59:44.479560-00:00 1 [Warning] [MY-012654] [InnoDB] Linux Native AIO disabled.
2023-03-04T09:59:45.987403-00:00 1 [System] [MY-013577] [InnoDB] InnoDB initialization has ended.
2023-03-04T09:59:47.812028-00:00 0 [Warning] [MY-010068] [Server] CA certificate ca.pem is self signed.
2023-03-04T09:59:47.813819-00:00 0 [System] [MY-013602] [Server] Channel mysql_main configured to support TLS. Encrypted connections are now supported for this channel.
2023-03-04T09:59:47.826611-00:00 0 [Warning] [MY-011810] [Server] Insecure configuration for --pid-file: Location '/var/run/mysqld' in the path is accessible to all OS users. Consider choosing a different directory.
2023-03-04T09:59:48.056906-00:00 0 [System] [MY-011323] [Server] X Plugin ready for connections. Socket: /var/run/mysqld/mysqlx.sock
2023-03-04T09:59:48.058051-00:00 0 [System] [MY-010931] [Server] /usr/sbin/mysqld: ready for connections. Version: '8.0.29'  socket: '/var/run/mysqld/mysqld.sock'  port: 0  MySQL Community Server - GPL.
2023-03-04T10:00:33.454419-00:00 13 [System] [MY-013172] [Server] Received SHUTDOWN from user root. Shutting down mysqld (Version: 8.0.29).
2023-03-04T10:00:34.484294-00:00 0 [System] [MY-010910] [Server] /usr/sbin/mysqld: Shutdown complete (mysqld 8.0.29)  MySQL Community Server - GPL.
2023-03-04T10:00:35.996283-00:00 0 [System] [MY-010116] [Server] /usr/sbin/mysqld (mysqld 8.0.29) starting as process 1
2023-03-04T10:00:36.025675-00:00 0 [Warning] [MY-010159] [Server] Setting lower_case_table_names=2 because file system for /var/lib/mysql/ is case insensitive
2023-03-04T10:00:36.116000-00:00 1 [System] [MY-013576] [InnoDB] InnoDB initialization has started.
2023-03-04T10:00:36.189366-00:00 1 [ERROR] [MY-012585] [InnoDB] Linux Native AIO interface is not supported on this platform. Please check your OS documentation and install appropriate binary of InnoDB.
2023-03-04T10:00:36.193626-00:00 1 [Warning] [MY-012654] [InnoDB] Linux Native AIO disabled.
2023-03-04T10:00:37.344477-00:00 1 [System] [MY-013577] [InnoDB] InnoDB initialization has ended.
2023-03-04T10:00:38.963141-00:00 0 [Warning] [MY-010068] [Server] CA certificate ca.pem is self signed.
2023-03-04T10:00:38.965261-00:00 0 [System] [MY-013602] [Server] Channel mysql_main configured to support TLS. Encrypted connections are now supported for this channel.
2023-03-04T10:00:38.977001-00:00 0 [Warning] [MY-011810] [Server] Insecure configuration for --pid-file: Location '/var/run/mysqld' in the path is accessible to all OS users. Consider choosing a different directory.
2023-03-04T10:00:39.240087-00:00 0 [System] [MY-011323] [Server] X Plugin ready for connections. Bind-address: '::' port: 33060, socket: /var/run/mysqld/mysqlx.sock
2023-03-04T10:00:39.246135-00:00 0 [System] [MY-010931] [Server] /usr/sbin/mysqld: ready for connections. Version: '8.0.29'  socket: '/var/run/mysqld/mysqld.sock'  port: 3306  MySQL Community Server - GPL.
2023-03-04T13:41:20.953174-00:00 0 [System] [MY-013172] [Server] Received SHUTDOWN from user <via user signal>. Shutting down mysqld (Version: 8.0.29).
2023-03-04T13:41:22.236214-00:00 0 [System] [MY-010910] [Server] /usr/sbin/mysqld: Shutdown complete (mysqld 8.0.29)  MySQL Community Server - GPL.
2023-03-04T13:45:01.133337-00:00 0 [System] [MY-010116] [Server] /usr/sbin/mysqld (mysqld 8.0.29) starting as process 1
2023-03-04T13:45:01.165047-00:00 0 [Warning] [MY-010159] [Server] Setting lower_case_table_names=2 because file system for /var/lib/mysql/ is case insensitive
2023-03-04T13:45:01.264192-00:00 1 [System] [MY-013576] [InnoDB] InnoDB initialization has started.
2023-03-04T13:45:01.320496-00:00 1 [ERROR] [MY-012585] [InnoDB] Linux Native AIO interface is not supported on this platform. Please check your OS documentation and install appropriate binary of InnoDB.
2023-03-04T13:45:01.321711-00:00 1 [Warning] [MY-012654] [InnoDB] Linux Native AIO disabled.
2023-03-04T13:45:02.717363-00:00 1 [System] [MY-013577] [InnoDB] InnoDB initialization has ended.
2023-03-04T13:45:04.071821-00:00 0 [Warning] [MY-010068] [Server] CA certificate ca.pem is self signed.
2023-03-04T13:45:04.073815-00:00 0 [System] [MY-013602] [Server] Channel mysql_main configured to support TLS. Encrypted connections are now supported for this channel.
2023-03-04T13:45:04.091422-00:00 0 [Warning] [MY-011810] [Server] Insecure configuration for --pid-file: Location '/var/run/mysqld' in the path is accessible to all OS users. Consider choosing a different directory.
2023-03-04T13:45:04.346693-00:00 0 [System] [MY-011323] [Server] X Plugin ready for connections. Bind-address: '::' port: 33060, socket: /var/run/mysqld/mysqlx.sock
2023-03-04T13:45:04.347261-00:00 0 [System] [MY-010931] [Server] /usr/sbin/mysqld: ready for connections. Version: '8.0.29'  socket: '/var/run/mysqld/mysqld.sock'  port: 3306  MySQL Community Server - GPL.
2023-03-21T06:50:53.102103-00:00 0 [System] [MY-010116] [Server] /usr/sbin/mysqld (mysqld 8.0.29) starting as process 1
2023-03-21T06:50:53.133767-00:00 0 [Warning] [MY-010159] [Server] Setting lower_case_table_names=2 because file system for /var/lib/mysql/ is case insensitive
2023-03-21T06:50:53.231726-00:00 1 [System] [MY-013576] [InnoDB] InnoDB initialization has started.
2023-03-21T06:50:53.315124-00:00 1 [ERROR] [MY-012585] [InnoDB] Linux Native AIO interface is not supported on this platform. Please check your OS documentation and install appropriate binary of InnoDB.
2023-03-21T06:50:53.316165-00:00 1 [Warning] [MY-012654] [InnoDB] Linux Native AIO disabled.
2023-03-21T06:50:55.055734-00:00 1 [System] [MY-013577] [InnoDB] InnoDB initialization has ended.
2023-03-21T06:50:56.052084-00:00 0 [System] [MY-010229] [Server] Starting XA crash recovery...
2023-03-21T06:50:56.074093-00:00 0 [System] [MY-010232] [Server] XA crash recovery finished.
2023-03-21T06:50:56.359690-00:00 0 [Warning] [MY-010068] [Server] CA certificate ca.pem is self signed.
2023-03-21T06:50:56.361112-00:00 0 [System] [MY-013602] [Server] Channel mysql_main configured to support TLS. Encrypted connections are now supported for this channel.
2023-03-21T06:50:56.377614-00:00 0 [Warning] [MY-011810] [Server] Insecure configuration for --pid-file: Location '/var/run/mysqld' in the path is accessible to all OS users. Consider choosing a different directory.
2023-03-21T06:50:56.631374-00:00 0 [System] [MY-011323] [Server] X Plugin ready for connections. Bind-address: '::' port: 33060, socket: /var/run/mysqld/mysqlx.sock
2023-03-21T06:50:56.636174-00:00 0 [System] [MY-010931] [Server] /usr/sbin/mysqld: ready for connections. Version: '8.0.29'  socket: '/var/run/mysqld/mysqld.sock'  port: 3306  MySQL Community Server - GPL.
2023-03-24T15:13:39.954262-00:00 0 [System] [MY-013172] [Server] Received SHUTDOWN from user <via user signal>. Shutting down mysqld (Version: 8.0.29).
2023-03-24T15:13:40.481437-00:00 0 [System] [MY-010910] [Server] /usr/sbin/mysqld: Shutdown complete (mysqld 8.0.29)  MySQL Community Server - GPL.
2023-03-24T15:13:46.598471-00:00 0 [System] [MY-010116] [Server] /usr/sbin/mysqld (mysqld 8.0.29) starting as process 1
2023-03-24T15:13:46.628218-00:00 0 [Warning] [MY-010159] [Server] Setting lower_case_table_names=2 because file system for /var/lib/mysql/ is case insensitive
2023-03-24T15:13:46.718504-00:00 1 [System] [MY-013576] [InnoDB] InnoDB initialization has started.
2023-03-24T15:13:46.891604-00:00 1 [ERROR] [MY-012585] [InnoDB] Linux Native AIO interface is not supported on this platform. Please check your OS documentation and install appropriate binary of InnoDB.
2023-03-24T15:13:46.893306-00:00 1 [Warning] [MY-012654] [InnoDB] Linux Native AIO disabled.
2023-03-24T15:13:48.388096-00:00 1 [System] [MY-013577] [InnoDB] InnoDB initialization has ended.
2023-03-24T15:13:49.550663-00:00 0 [Warning] [MY-010068] [Server] CA certificate ca.pem is self signed.
2023-03-24T15:13:49.553410-00:00 0 [System] [MY-013602] [Server] Channel mysql_main configured to support TLS. Encrypted connections are now supported for this channel.
2023-03-24T15:13:49.571674-00:00 0 [Warning] [MY-011810] [Server] Insecure configuration for --pid-file: Location '/var/run/mysqld' in the path is accessible to all OS users. Consider choosing a different directory.
2023-03-24T15:13:49.855926-00:00 0 [System] [MY-011323] [Server] X Plugin ready for connections. Bind-address: '::' port: 33060, socket: /var/run/mysqld/mysqlx.sock
2023-03-24T15:13:49.856884-00:00 0 [System] [MY-010931] [Server] /usr/sbin/mysqld: ready for connections. Version: '8.0.29'  socket: '/var/run/mysqld/mysqld.sock'  port: 3306  MySQL Community Server - GPL.
2023-03-30T12:29:37.626369-00:00 0 [System] [MY-013172] [Server] Received SHUTDOWN from user <via user signal>. Shutting down mysqld (Version: 8.0.29).
2023-03-30T12:29:38.480799-00:00 0 [System] [MY-010910] [Server] /usr/sbin/mysqld: Shutdown complete (mysqld 8.0.29)  MySQL Community Server - GPL.
